[2026-06-13 16:13:36] ADMIN: 113980311909370790584 | ACTION: Create Carousel Banner | RESOURCE: N/A | DETAILS: Carousel(id=null, title=Cax details, description=What you can do with cax, imageUrl=https://pub-6d28afd560b0498d9fea3f401d07e798.r2.dev/carousel/113980311909370790584/b86ffddc-defe-4fe9-ac29-a638adbad554.png, actionUrl=null, actionLink=null, type=BANNER, designType=image_only, displayOrder=0, isActive=true, collegeId=null, targetAudience=null, createdBy=null, views=0, clicks=0, createdAt=2026-06-13T10:43:35.965893Z, updatedAt=null, expiresAt=null) | STATUS: SUCCESS
[2026-06-13 16:15:54] ADMIN: 113980311909370790584 | ACTION: Update Carousel Banner | RESOURCE: 6a2d3457d8bda978ff75b14c | DETAILS: Carousel(id=null, title=Cax details, description=What you can do with cax, imageUrl=https://pub-6d28afd560b0498d9fea3f401d07e798.r2.dev/carousel/113980311909370790584/7ced6f1d-6e6c-4a2c-bed2-696a0fd3a3fa.png, actionUrl=null, actionLink=null, type=BANNER, designType=image_only, displayOrder=0, isActive=true, collegeId=null, targetAudience=null, createdBy=null, views=0, clicks=0, createdAt=2026-06-13T10:45:54.574937Z, updatedAt=null, expiresAt=null) | STATUS: SUCCESS
[2026-06-13 20:53:13] ADMIN: 113980311909370790584 | ACTION: Update User Role | RESOURCE: 105824617734257710817 | DETAILS: N/A | STATUS: SUCCESS
[2026-06-13 20:55:47] ADMIN: 113980311909370790584 | ACTION: Update User Role | RESOURCE: 105824617734257710817 | DETAILS: N/A | STATUS: SUCCESS
[2026-06-15 21:50:42] ADMIN: 113980311909370790584 | ACTION: Verify ID Card | RESOURCE: 115867407530479766683 | DETAILS: {verificationNotes=} | STATUS: SUCCESS
[2026-06-20 09:29:39] ADMIN: 113980311909370790584 | ACTION: Update Ad | RESOURCE: 6a26d3d332cb1b50e8119f4c | DETAILS: Ad(id=null, adId=Info, title=Beta Notice, imageUrl=https://pub-6d28afd560b0498d9fea3f401d07e798.r2.dev/ads/admin_user/7f2e3782-fe54-4dd9-ae9b-0471f3549b2c.png, redirectUrl=https://caxone.in, active=true, global=true, collegeId=null, maxViewsPerUser=100, closeTimerSeconds=2, totalImpressions=0, totalClicks=0, createdAt=2026-06-20T03:59:39.395074Z, updatedAt=null) | STATUS: SUCCESS
[2026-06-20 12:31:39] ADMIN: 113980311909370790584 | ACTION: Update App Version Settings | RESOURCE: N/A | DETAILS: VersionSettingsRequest(latestVersion=12.0.2, minRequiredVersion=12.0.2, latestBuildNumber=1, minRequiredBuildNumber=1, updateMessage=A new version of CAX is available. Please update to continue., storeUrl=) | STATUS: SUCCESS
[2026-06-20 12:32:05] ADMIN: 113980311909370790584 | ACTION: Update App Version Settings | RESOURCE: N/A | DETAILS: VersionSettingsRequest(latestVersion=12.0.2, minRequiredVersion=12.0.2, latestBuildNumber=57, minRequiredBuildNumber=57, updateMessage=A new version of CAX is available. Please update to continue., storeUrl=) | STATUS: SUCCESS
[2026-06-20 12:32:39] ADMIN: 113980311909370790584 | ACTION: Update App Version Settings | RESOURCE: N/A | DETAILS: VersionSettingsRequest(latestVersion=13.0.2, minRequiredVersion=12.0.2, latestBuildNumber=57, minRequiredBuildNumber=57, updateMessage=A new version of CAX is available. Please update to continue., storeUrl=) | STATUS: SUCCESS
[2026-06-20 12:33:03] ADMIN: 113980311909370790584 | ACTION: Update App Version Settings | RESOURCE: N/A | DETAILS: VersionSettingsRequest(latestVersion=13.0.2, minRequiredVersion=12.0.2, latestBuildNumber=57, minRequiredBuildNumber=57, updateMessage=A new version of CAX is available. Please update to continue., storeUrl=https://play.google.com/store/apps/details?id=com.axiviontech.cax) | STATUS: SUCCESS
[2026-06-20 12:35:33] ADMIN: 113980311909370790584 | ACTION: Update App Version Settings | RESOURCE: N/A | DETAILS: VersionSettingsRequest(latestVersion=12.0.2, minRequiredVersion=12.0.2, latestBuildNumber=57, minRequiredBuildNumber=57, updateMessage=A new version of CAX is available. Please update to continue., storeUrl=https://play.google.com/store/apps/details?id=com.axiviontech.cax) | STATUS: SUCCESS
[2026-06-20 12:36:48] ADMIN: 113980311909370790584 | ACTION: Update App Version Settings | RESOURCE: N/A | DETAILS: VersionSettingsRequest(latestVersion=12.0.1, minRequiredVersion=12.0.2, latestBuildNumber=57, minRequiredBuildNumber=57, updateMessage=A new version of CAX is available. Please update to continue., storeUrl=https://play.google.com/store/apps/details?id=com.axiviontech.cax) | STATUS: SUCCESS
[2026-06-20 12:36:51] ADMIN: 113980311909370790584 | ACTION: Update App Version Settings | RESOURCE: N/A | DETAILS: VersionSettingsRequest(latestVersion=12.0.1, minRequiredVersion=12.0.1, latestBuildNumber=57, minRequiredBuildNumber=57, updateMessage=A new version of CAX is available. Please update to continue., storeUrl=https://play.google.com/store/apps/details?id=com.axiviontech.cax) | STATUS: SUCCESS
[2026-06-21 20:32:26] ADMIN: 113980311909370790584 | ACTION: Update App Version Settings | RESOURCE: N/A | DETAILS: VersionSettingsRequest(latestVersion=14.0.0, minRequiredVersion=14.0.0, latestBuildNumber=60, minRequiredBuildNumber=60, updateMessage=A new version of CAX is available. Please update to continue., storeUrl=https://play.google.com/store/apps/details?id=com.axiviontech.cax) | STATUS: SUCCESS
[2026-06-21 20:35:36] ADMIN: 113980311909370790584 | ACTION: Update App Version Settings | RESOURCE: N/A | DETAILS: VersionSettingsRequest(latestVersion=14.0.0, minRequiredVersion=14.0.0, latestBuildNumber=60, minRequiredBuildNumber=60, updateMessage=A new version of CAX is available. Please update to continue., storeUrl=https://play.google.com/store/apps/details?id=com.axiviontech.cax) | STATUS: SUCCESS
[2026-06-21 20:36:05] ADMIN: 113980311909370790584 | ACTION: Toggle Ad Status | RESOURCE: 6a26d3d332cb1b50e8119f4c | DETAILS: N/A | STATUS: SUCCESS
[2026-06-21 20:36:05] ADMIN: 113980311909370790584 | ACTION: Toggle Ad Status | RESOURCE: 6a26d3d332cb1b50e8119f4c | DETAILS: N/A | STATUS: SUCCESS
[2026-06-21 21:55:03] ADMIN: 113980311909370790584 | ACTION: Verify ID Card | RESOURCE: 100503817327097941980 | DETAILS: {verificationNotes=} | STATUS: SUCCESS
[2026-06-22 13:16:51] ADMIN: 113980311909370790584 | ACTION: Block User | RESOURCE: 105824617734257710817 | DETAILS: N/A | STATUS: SUCCESS
[2026-06-22 13:17:18] ADMIN: 113980311909370790584 | ACTION: Block User | RESOURCE: 105824617734257710817 | DETAILS: N/A | STATUS: SUCCESS
[2026-06-22 13:24:02] ADMIN: 113980311909370790584 | ACTION: Request ID Re-Verification | RESOURCE: 105824617734257710817 | DETAILS: {reason=need your id card please} | STATUS: SUCCESS
[2026-06-22 16:40:05] ADMIN: 113980311909370790584 | ACTION: Update App Version Settings | RESOURCE: N/A | DETAILS: VersionSettingsRequest(latestVersion=15.0.0, minRequiredVersion=15.0.0, latestBuildNumber=61, minRequiredBuildNumber=61, updateMessage=A new version of CAX is available. Please update to continue., storeUrl=https://play.google.com/store/apps/details?id=com.axiviontech.cax) | STATUS: SUCCESS
[2026-06-22 16:40:52] ADMIN: 113980311909370790584 | ACTION: Update App Version Settings | RESOURCE: N/A | DETAILS: VersionSettingsRequest(latestVersion=15.0.0, minRequiredVersion=15.0.0, latestBuildNumber=61, minRequiredBuildNumber=61, updateMessage=
Bug fixes and performance improvements across events, profiles, and clubs.

- Improved event details with better participant management and check-in experience
- Club profile screen redesigned for a cleaner, faster experience
- Notification settings screen added — control what alerts you receive
- Home screen now shows more campus services at a glance
- Faster app startup with a smoother splash screen
- Various stability improvements and UI refinements

, storeUrl=https://play.google.com/store/apps/details?id=com.axiviontech.cax) | STATUS: SUCCESS
[2026-06-22 16:41:38] ADMIN: 113980311909370790584 | ACTION: Update App Version Settings | RESOURCE: N/A | DETAILS: VersionSettingsRequest(latestVersion=15.0.0, minRequiredVersion=15.0.0, latestBuildNumber=61, minRequiredBuildNumber=61, updateMessage=
Bug fixes and performance improvements across events, profiles, and clubs.
- Auto college detection with the college mail id.
- Improved event details with better participant management and check-in experience
- Club profile screen redesigned for a cleaner, faster experience
- Notification settings screen added — control what alerts you receive
- Home screen now shows more campus services at a glance
- Faster app startup with a smoother splash screen
- Various stability improvements and UI refinements

, storeUrl=https://play.google.com/store/apps/details?id=com.axiviontech.cax) | STATUS: SUCCESS
[2026-06-22 16:41:54] ADMIN: 113980311909370790584 | ACTION: Update App Version Settings | RESOURCE: N/A | DETAILS: VersionSettingsRequest(latestVersion=15.0.0, minRequiredVersion=15.0.0, latestBuildNumber=61, minRequiredBuildNumber=61, updateMessage=
Bug fixes and performance improvements across events, profiles, and clubs.
- Auto college detection with the college mail id.
- Improved authentication.
- Improved event details with better participant management and check-in experience
- Club profile screen redesigned for a cleaner, faster experience
- Notification settings screen added — control what alerts you receive
- Home screen now shows more campus services at a glance
- Faster app startup with a smoother splash screen
- Various stability improvements and UI refinements

, storeUrl=https://play.google.com/store/apps/details?id=com.axiviontech.cax) | STATUS: SUCCESS
[2026-06-22 16:42:08] ADMIN: 113980311909370790584 | ACTION: Update App Version Settings | RESOURCE: N/A | DETAILS: VersionSettingsRequest(latestVersion=15.0.0, minRequiredVersion=15.0.0, latestBuildNumber=61, minRequiredBuildNumber=61, updateMessage=
Bug fixes and performance improvements across events, profiles, and clubs.

- Auto college detection with the college mail id.
- Improved authentication.
- Improved event details with better participant management and check-in experience
- Club profile screen redesigned for a cleaner, faster experience
- Notification settings screen added — control what alerts you receive
- Home screen now shows more campus services at a glance
- Faster app startup with a smoother splash screen
- Various stability improvements and UI refinements

, storeUrl=https://play.google.com/store/apps/details?id=com.axiviontech.cax) | STATUS: SUCCESS
[2026-06-22 19:12:51] ADMIN: 113980311909370790584 | ACTION: Toggle Ad Status | RESOURCE: 6a26d3d332cb1b50e8119f4c | DETAILS: N/A | STATUS: SUCCESS
[2026-06-22 19:12:52] ADMIN: 113980311909370790584 | ACTION: Toggle Ad Status | RESOURCE: 6a26d3d332cb1b50e8119f4c | DETAILS: N/A | STATUS: SUCCESS
[2026-06-22 19:57:21] ADMIN: 113980311909370790584 | ACTION: Update App Version Settings | RESOURCE: N/A | DETAILS: VersionSettingsRequest(latestVersion=15.0.0, minRequiredVersion=14.0.0, latestBuildNumber=61, minRequiredBuildNumber=60, updateMessage=
Bug fixes and performance improvements across events, profiles, and clubs.

- Auto college detection with the college mail id.
- Improved authentication.
- Improved event details with better participant management and check-in experience
- Club profile screen redesigned for a cleaner, faster experience
- Notification settings screen added — control what alerts you receive
- Home screen now shows more campus services at a glance
- Faster app startup with a smoother splash screen
- Various stability improvements and UI refinements

, storeUrl=https://play.google.com/store/apps/details?id=com.axiviontech.cax) | STATUS: SUCCESS
[2026-06-22 21:50:37] ADMIN: 113980311909370790584 | ACTION: Update App Version Settings | RESOURCE: N/A | DETAILS: VersionSettingsRequest(latestVersion=16.0.0, minRequiredVersion=16.0.0, latestBuildNumber=61, minRequiredBuildNumber=62, updateMessage=
Bug fixes and performance improvements across events, profiles, and clubs.

- Auto college detection with the college mail id.
- Improved authentication.
- Improved event details with better participant management and check-in experience
- Club profile screen redesigned for a cleaner, faster experience
- Notification settings screen added — control what alerts you receive
- Home screen now shows more campus services at a glance
- Faster app startup with a smoother splash screen
- Various stability improvements and UI refinements

, storeUrl=https://play.google.com/store/apps/details?id=com.axiviontech.cax) | STATUS: SUCCESS
[2026-06-22 23:23:59] ADMIN: 113980311909370790584 | ACTION: Create Ad | RESOURCE: N/A | DETAILS: Ad(id=null, adId=Welcome, title=welcome, imageUrl=https://pub-6d28afd560b0498d9fea3f401d07e798.r2.dev/ads/113980311909370790584/24125117-bf9a-43aa-b73f-deba1f0992ee.png, redirectUrl=https://caxone.in, active=true, global=true, collegeId=null, maxViewsPerUser=100, closeTimerSeconds=3, totalImpressions=0, totalClicks=0, createdAt=2026-06-22T17:53:59.295337Z, updatedAt=null) | STATUS: SUCCESS
[2026-06-22 23:24:02] ADMIN: 113980311909370790584 | ACTION: Toggle Ad Status | RESOURCE: 6a26d3d332cb1b50e8119f4c | DETAILS: N/A | STATUS: SUCCESS
[2026-06-23 18:54:42] ADMIN: 113980311909370790584 | ACTION: Update Ad | RESOURCE: 6a3976b71c0281492fa2f66f | DETAILS: Ad(id=null, adId=Welcome, title=welcome, imageUrl=https://pub-6d28afd560b0498d9fea3f401d07e798.r2.dev/ads/113980311909370790584/0f429631-e457-42e0-a06f-d8316f968de3.png, redirectUrl=https://caxone.in, active=true, global=true, collegeId=null, maxViewsPerUser=100, closeTimerSeconds=3, totalImpressions=0, totalClicks=0, createdAt=2026-06-23T13:24:42.189320Z, updatedAt=null) | STATUS: SUCCESS
[2026-06-23 18:55:42] ADMIN: 113980311909370790584 | ACTION: Update App Version Settings | RESOURCE: N/A | DETAILS: VersionSettingsRequest(latestVersion=17.0.0, minRequiredVersion=17.0.0, latestBuildNumber=63, minRequiredBuildNumber=63, updateMessage=
Bug fixes and performance improvements across events, profiles, and clubs.

- Auto college detection with the college mail id.
- Improved authentication.
- Improved event details with better participant management and check-in experience
- Club profile screen redesigned for a cleaner, faster experience
- Notification settings screen added — control what alerts you receive
- Home screen now shows more campus services at a glance
- Faster app startup with a smoother splash screen
- Various stability improvements and UI refinements

, storeUrl=https://play.google.com/store/apps/details?id=com.axiviontech.cax) | STATUS: SUCCESS
[2026-06-23 18:56:53] ADMIN: 113980311909370790584 | ACTION: Update App Version Settings | RESOURCE: N/A | DETAILS: VersionSettingsRequest(latestVersion=17.0.0, minRequiredVersion=17.0.0, latestBuildNumber=63, minRequiredBuildNumber=63, updateMessage=Bug fixes and improvements across events, profiles, and clubs.

- Tapping a registration approved notification now opens the event directly
- Event organizers can now export the participant list as a CSV file
- Club profile screen redesigned for a cleaner, faster experience
- Notification settings screen added — control what alerts you receive
- Home screen now shows more campus services at a glance
- Faster app startup with a smoother splash screen, storeUrl=https://play.google.com/store/apps/details?id=com.axiviontech.cax) | STATUS: SUCCESS
[2026-06-23 23:19:41] ADMIN: 113980311909370790584 | ACTION: List All Carousel Banners | RESOURCE: N/A | DETAILS: N/A | STATUS: SUCCESS
[2026-06-23 23:19:41] ADMIN: 113980311909370790584 | ACTION: List All Carousel Banners | RESOURCE: N/A | DETAILS: N/A | STATUS: SUCCESS
[2026-06-23 23:19:42] ADMIN: 113980311909370790584 | ACTION: List All Carousel Banners | RESOURCE: N/A | DETAILS: N/A | STATUS: SUCCESS
[2026-06-23 23:19:42] ADMIN: 113980311909370790584 | ACTION: List All Carousel Banners | RESOURCE: N/A | DETAILS: N/A | STATUS: SUCCESS
[2026-06-24 07:53:12] ADMIN: 113980311909370790584 | ACTION: List All Carousel Banners | RESOURCE: N/A | DETAILS:  (Error: Timed out while waiting for a server that matches ReadPreferenceServerSelector{readPreference=primary}. Client view of cluster state is {type=REPLICA_SET, servers=[{address=ac-laeu3h8-shard-00-02.mup8f4a.mongodb.net:27017, type=UNKNOWN, state=CONNECTING, exception={com.mongodb.MongoSocketWriteException: Exception sending message}, caused by {javax.net.ssl.SSLException: (internal_error) Received fatal alert: internal_error}}, {address=ac-laeu3h8-shard-00-00.mup8f4a.mongodb.net:27017, type=UNKNOWN, state=CONNECTING, exception={com.mongodb.MongoSocketWriteException: Exception sending message}, caused by {javax.net.ssl.SSLException: (internal_error) Received fatal alert: internal_error}}, {address=ac-laeu3h8-shard-00-01.mup8f4a.mongodb.net:27017, type=UNKNOWN, state=CONNECTING, exception={com.mongodb.MongoSocketWriteException: Exception sending message}, caused by {javax.net.ssl.SSLException: (internal_error) Received fatal alert: internal_error}}]) | STATUS: FAILED
[2026-06-24 08:02:49] ADMIN: 113980311909370790584 | ACTION: List All Ads | RESOURCE: N/A | DETAILS: N/A | STATUS: SUCCESS
[2026-06-24 08:03:07] ADMIN: 113980311909370790584 | ACTION: View Ad Analytics | RESOURCE: 6a3976b71c0281492fa2f66f | DETAILS: N/A | STATUS: SUCCESS
[2026-06-24 08:03:07] ADMIN: 113980311909370790584 | ACTION: List All Ads | RESOURCE: N/A | DETAILS: N/A | STATUS: SUCCESS
[2026-06-24 08:03:07] ADMIN: 113980311909370790584 | ACTION: List All Ads | RESOURCE: N/A | DETAILS: N/A | STATUS: SUCCESS
[2026-06-24 08:03:07] ADMIN: 113980311909370790584 | ACTION: List All Ads | RESOURCE: N/A | DETAILS: N/A | STATUS: SUCCESS
[2026-06-24 08:03:22] ADMIN: 113980311909370790584 | ACTION: View Bug Report Stats | RESOURCE: N/A | DETAILS: N/A | STATUS: SUCCESS
[2026-06-24 08:03:22] ADMIN: 113980311909370790584 | ACTION: View Bug Report Stats | RESOURCE: N/A | DETAILS: N/A | STATUS: SUCCESS
[2026-06-24 08:03:22] ADMIN: 113980311909370790584 | ACTION: List All Bug Reports | RESOURCE: N/A | DETAILS: N/A | STATUS: SUCCESS
[2026-06-24 08:03:22] ADMIN: 113980311909370790584 | ACTION: List All Bug Reports | RESOURCE: N/A | DETAILS: N/A | STATUS: SUCCESS
[2026-06-24 08:09:17] ADMIN: 113980311909370790584 | ACTION: List All Carousel Banners | RESOURCE: N/A | DETAILS: N/A | STATUS: SUCCESS
[2026-06-24 08:09:17] ADMIN: 113980311909370790584 | ACTION: List All Carousel Banners | RESOURCE: N/A | DETAILS: N/A | STATUS: SUCCESS
[2026-06-24 08:09:17] ADMIN: 113980311909370790584 | ACTION: List All Carousel Banners | RESOURCE: N/A | DETAILS: N/A | STATUS: SUCCESS
[2026-06-24 08:09:17] ADMIN: 113980311909370790584 | ACTION: List All Carousel Banners | RESOURCE: N/A | DETAILS: N/A | STATUS: SUCCESS
[2026-06-24 08:10:58] ADMIN: 113980311909370790584 | ACTION: List All Carousel Banners | RESOURCE: N/A | DETAILS: N/A | STATUS: SUCCESS
[2026-06-24 08:10:58] ADMIN: 113980311909370790584 | ACTION: List All Carousel Banners | RESOURCE: N/A | DETAILS: N/A | STATUS: SUCCESS
[2026-06-24 08:10:58] ADMIN: 113980311909370790584 | ACTION: List All Carousel Banners | RESOURCE: N/A | DETAILS: N/A | STATUS: SUCCESS
[2026-06-24 08:10:58] ADMIN: 113980311909370790584 | ACTION: List All Carousel Banners | RESOURCE: N/A | DETAILS: N/A | STATUS: SUCCESS
[2026-06-24 09:00:46] ADMIN: 113980311909370790584 | ACTION: List All Carousel Banners | RESOURCE: N/A | DETAILS: N/A | STATUS: SUCCESS
[2026-06-24 09:00:47] ADMIN: 113980311909370790584 | ACTION: List All Carousel Banners | RESOURCE: N/A | DETAILS: N/A | STATUS: SUCCESS
[2026-06-24 09:00:47] ADMIN: 113980311909370790584 | ACTION: List All Carousel Banners | RESOURCE: N/A | DETAILS: N/A | STATUS: SUCCESS
[2026-06-24 09:00:47] ADMIN: 113980311909370790584 | ACTION: List All Carousel Banners | RESOURCE: N/A | DETAILS: N/A | STATUS: SUCCESS
[2026-06-24 09:33:49] ADMIN: 113980311909370790584 | ACTION: List All Carousel Banners | RESOURCE: N/A | DETAILS: N/A | STATUS: SUCCESS
[2026-06-24 09:33:49] ADMIN: 113980311909370790584 | ACTION: List All Carousel Banners | RESOURCE: N/A | DETAILS: N/A | STATUS: SUCCESS
[2026-06-24 09:33:49] ADMIN: 113980311909370790584 | ACTION: List All Carousel Banners | RESOURCE: N/A | DETAILS: N/A | STATUS: SUCCESS
[2026-06-24 09:33:49] ADMIN: 113980311909370790584 | ACTION: List All Carousel Banners | RESOURCE: N/A | DETAILS: N/A | STATUS: SUCCESS
[2026-06-24 09:48:53] ADMIN: 113980311909370790584 | ACTION: List All Carousel Banners | RESOURCE: N/A | DETAILS: N/A | STATUS: SUCCESS
[2026-06-24 09:48:53] ADMIN: 113980311909370790584 | ACTION: List All Carousel Banners | RESOURCE: N/A | DETAILS: N/A | STATUS: SUCCESS
[2026-06-24 09:48:53] ADMIN: 113980311909370790584 | ACTION: List All Carousel Banners | RESOURCE: N/A | DETAILS: N/A | STATUS: SUCCESS
[2026-06-24 09:48:53] ADMIN: 113980311909370790584 | ACTION: List All Carousel Banners | RESOURCE: N/A | DETAILS: N/A | STATUS: SUCCESS
[2026-06-24 10:38:01] ADMIN: 113980311909370790584 | ACTION: Toggle Play Store Testing Mode | RESOURCE: N/A | DETAILS: N/A | STATUS: SUCCESS
[2026-06-24 10:41:11] ADMIN: 113980311909370790584 | ACTION: Toggle Play Store Testing Mode | RESOURCE: N/A | DETAILS: N/A | STATUS: SUCCESS
[2026-06-24 10:41:34] ADMIN: 113980311909370790584 | ACTION: Toggle Play Store Testing Mode | RESOURCE: N/A | DETAILS: N/A | STATUS: SUCCESS
[2026-06-24 10:41:35] ADMIN: 113980311909370790584 | ACTION: Toggle Play Store Testing Mode | RESOURCE: N/A | DETAILS: N/A | STATUS: SUCCESS
[2026-06-24 10:41:47] ADMIN: 113980311909370790584 | ACTION: Toggle Play Store Testing Mode | RESOURCE: N/A | DETAILS: N/A | STATUS: SUCCESS
[2026-06-24 10:58:24] ADMIN: 113980311909370790584 | ACTION: Toggle Play Store Testing Mode | RESOURCE: N/A | DETAILS: N/A | STATUS: SUCCESS
[2026-06-24 14:07:58] ADMIN: admin_user | ACTION: List All Carousel Banners | RESOURCE: N/A | DETAILS: N/A | STATUS: SUCCESS
[2026-06-24 14:07:58] ADMIN: admin_user | ACTION: List All Carousel Banners | RESOURCE: N/A | DETAILS: N/A | STATUS: SUCCESS
[2026-06-24 14:07:58] ADMIN: admin_user | ACTION: List All Carousel Banners | RESOURCE: N/A | DETAILS: N/A | STATUS: SUCCESS
[2026-06-24 14:07:58] ADMIN: admin_user | ACTION: List All Carousel Banners | RESOURCE: N/A | DETAILS: N/A | STATUS: SUCCESS
[2026-06-24 17:42:02] ADMIN: 113980311909370790584 | ACTION: List All Carousel Banners | RESOURCE: N/A | DETAILS: N/A | STATUS: SUCCESS
[2026-06-24 17:42:02] ADMIN: 113980311909370790584 | ACTION: List All Carousel Banners | RESOURCE: N/A | DETAILS: N/A | STATUS: SUCCESS
[2026-06-24 17:42:02] ADMIN: 113980311909370790584 | ACTION: List All Carousel Banners | RESOURCE: N/A | DETAILS: N/A | STATUS: SUCCESS
[2026-06-24 17:42:02] ADMIN: 113980311909370790584 | ACTION: List All Carousel Banners | RESOURCE: N/A | DETAILS: N/A | STATUS: SUCCESS
[2026-06-24 17:42:42] ADMIN: 113980311909370790584 | ACTION: List All Carousel Banners | RESOURCE: N/A | DETAILS: N/A | STATUS: SUCCESS
[2026-06-24 17:42:42] ADMIN: 113980311909370790584 | ACTION: List All Carousel Banners | RESOURCE: N/A | DETAILS: N/A | STATUS: SUCCESS
[2026-06-24 17:42:43] ADMIN: 113980311909370790584 | ACTION: List All Carousel Banners | RESOURCE: N/A | DETAILS: N/A | STATUS: SUCCESS
[2026-06-24 17:42:43] ADMIN: 113980311909370790584 | ACTION: List All Carousel Banners | RESOURCE: N/A | DETAILS: N/A | STATUS: SUCCESS
[2026-06-24 17:49:23] ADMIN: 113980311909370790584 | ACTION: List All Carousel Banners | RESOURCE: N/A | DETAILS: N/A | STATUS: SUCCESS
[2026-06-24 17:49:23] ADMIN: 113980311909370790584 | ACTION: List All Carousel Banners | RESOURCE: N/A | DETAILS: N/A | STATUS: SUCCESS
[2026-06-24 17:49:24] ADMIN: 113980311909370790584 | ACTION: List All Carousel Banners | RESOURCE: N/A | DETAILS: N/A | STATUS: SUCCESS
[2026-06-24 17:49:24] ADMIN: 113980311909370790584 | ACTION: List All Carousel Banners | RESOURCE: N/A | DETAILS: N/A | STATUS: SUCCESS
[2026-06-24 18:00:20] ADMIN: 113980311909370790584 | ACTION: List All Carousel Banners | RESOURCE: N/A | DETAILS: N/A | STATUS: SUCCESS
[2026-06-24 18:00:20] ADMIN: 113980311909370790584 | ACTION: List All Carousel Banners | RESOURCE: N/A | DETAILS: N/A | STATUS: SUCCESS
[2026-06-24 18:00:20] ADMIN: 113980311909370790584 | ACTION: List All Carousel Banners | RESOURCE: N/A | DETAILS: N/A | STATUS: SUCCESS
[2026-06-24 18:00:21] ADMIN: 113980311909370790584 | ACTION: List All Carousel Banners | RESOURCE: N/A | DETAILS: N/A | STATUS: SUCCESS
